<?xml version="1.0" encoding="UTF-8"?>
<testng-results skipped="0" failed="0" ignored="0" total="1" passed="1">
  <reporter-output>
  </reporter-output>
  <suite name="helloeworld_Manish.TestHelloWorld" duration-ms="254" started-at="2021-02-15T23:40:20 IST" finished-at="2021-02-15T23:40:20 IST">
    <groups>
    </groups>
    <test name="Command line test" duration-ms="254" started-at="2021-02-15T23:40:20 IST" finished-at="2021-02-15T23:40:20 IST">
      <class name="helloeworld_Manish.TestHelloWorld">
        <test-method status="PASS" signature="testHelloWorld()[pri:0, instance:helloeworld_Manish.TestHelloWorld@5dfcfece]" name="testHelloWorld" duration-ms="50" started-at="2021-02-15T23:40:20 IST" finished-at="2021-02-15T23:40:20 IST">
          <reporter-output>
          </reporter-output>
        </test-method> <!-- testHelloWorld -->
      </class> <!-- helloeworld_Manish.TestHelloWorld -->
    </test> <!-- Command line test -->
  </suite> <!-- helloeworld_Manish.TestHelloWorld -->
</testng-results>
